20240421	05:58:42	cfb222af-a7f0-4339-bab4-1285094ce436	GET	/	undefined
20240421	05:59:02	7b17f453-c0a8-4e32-b463-82c627bd8a8b	GET	/api/getStore	undefined
20240421	05:59:21	15a40c7c-f97d-4ebc-a50d-ab193d81a75e	GET	/api/addStore	undefined
20240421	05:59:21	20667994-0356-4cdf-a73b-93420ea08bf0	GET	/views/404	undefined
20240421	05:59:21	5a6e1860-103d-4f58-87f8-39def9643462	GET	/views/404	undefined
20240421	05:59:21	fff65215-b683-4ab8-989f-da5412820159	GET	/views/404	undefined
20240421	05:59:21	7bceba17-211e-439f-8421-8faeb8cbaf06	GET	/views/404	undefined
20240421	05:59:21	9ba9a515-6af8-4ac2-ada7-a6508eceffe9	GET	/views/404	undefined
20240421	05:59:21	871e72ee-d4f7-4c0f-9ac9-ff9e61b7332b	GET	/views/404	undefined
20240421	05:59:22	6907ae91-1c7a-473e-9f68-3d2f40f3d015	GET	/views/404	undefined
20240421	05:59:22	712d8cc7-16ca-4504-9534-759c460ab29c	GET	/views/404	undefined
20240421	05:59:22	ab38310c-04b5-43dd-ad44-425e21de94df	GET	/views/404	undefined
20240421	05:59:22	fb1ff29d-3237-4155-be9e-47b93fbb804f	GET	/views/404	undefined
20240421	05:59:22	d063698a-b21b-4962-a1c4-8a0dbea3e20a	GET	/views/404	undefined
20240421	05:59:22	a1c97992-c26d-40ba-a734-cb62c6191fc3	GET	/views/404	undefined
20240421	05:59:22	a1f29178-a892-4a84-8c8d-46554c6747ea	GET	/views/404	undefined
20240421	05:59:22	f6b2c54c-5229-4e09-8bf1-ade2a5cfda0d	GET	/views/404	undefined
20240421	05:59:22	a675fba2-1ebf-4510-bb4a-1cf95f8570eb	GET	/views/404	undefined
20240421	05:59:22	dea8fccd-1fd1-40e4-848e-9ff49c285a08	GET	/views/404	undefined
20240421	05:59:22	c515ccce-dff0-41a8-af23-83bbc2e10f9d	GET	/views/404	undefined
20240421	05:59:22	0c352e6a-bd14-4f4a-ba03-4fcd2af18b38	GET	/views/404	undefined
20240421	05:59:22	22a6e66f-29ab-4144-b577-f52c23cc9b47	GET	/views/404	undefined
20240421	05:59:23	e441e7a8-efe2-4853-af5b-1e28ca11f8e5	GET	/views/404	undefined
20240421	05:59:23	b1d8bb49-3ccc-4795-b275-c2dfea3f9774	GET	/views/404	undefined
20240421	05:59:23	ea1bd9ac-1e9d-4b77-8120-eaa42fdb309a	GET	/views/404	undefined
20240421	05:59:23	b08e4b95-333b-4d93-accc-dfe58a227706	GET	/views/404	undefined
20240421	05:59:23	eb3eb07c-ae09-4cb1-8108-6c17ab2a1000	GET	/views/404	undefined
20240421	05:59:23	297b4c03-778f-4755-9568-3d0fc0248d29	GET	/views/404	undefined
20240421	05:59:23	c274d8ea-472f-4bb4-bbf6-8a0cc93ff898	GET	/views/404	undefined
20240421	05:59:23	0026fe38-ff09-48bc-a693-2a59ff7c069e	GET	/views/404	undefined
20240421	05:59:23	6b2ff770-060f-4510-88cc-d14d6483dd6f	GET	/views/404	undefined
20240421	05:59:23	1c42910a-ab4c-44f1-8b72-06c1ee0c62ea	GET	/views/404	undefined
20240421	05:59:23	9a9c10c0-67a3-4445-b6b8-3046dd733fce	GET	/views/404	undefined
20240421	05:59:23	9c03cb87-9e2d-4a5a-a6ab-a0c633af8c3b	GET	/views/404	undefined
20240421	05:59:23	f398f7f7-6a30-47b2-b86a-d67329166efc	GET	/views/404	undefined
20240421	05:59:23	ab0f6d8f-8727-4fc1-9e54-1af0a72cf4c5	GET	/views/404	undefined
20240421	05:59:23	746b1393-e9ca-4ca2-95c8-6a2da105c5f5	GET	/views/404	undefined
20240421	05:59:23	a91eab30-90e5-4222-a417-d7a01957d98c	GET	/views/404	undefined
20240421	05:59:23	2cd2a5a7-c18d-4f69-9662-843d38b5649e	GET	/views/404	undefined
20240421	05:59:23	b4a64e8b-3fa5-4b74-81ea-379221d0d89a	GET	/views/404	undefined
20240421	05:59:23	3a0b91eb-74f5-4a5c-9fd5-742522acd143	GET	/views/404	undefined
20240421	05:59:23	d337c279-e9c8-4950-b903-1435012b31af	GET	/views/404	undefined
20240421	05:59:28	e68093d5-325f-49c4-ad69-c3d749afba9f	GET	/views/404	undefined
20240421	05:59:28	94cf6998-32cc-4e1e-9c46-a21feea9c802	GET	/views/404	undefined
20240421	05:59:28	ee3ed37b-336e-4ee4-8ffc-31426da03f54	GET	/views/404	undefined
20240421	05:59:28	ce26357e-9e5a-4f52-a0a9-0818d3942328	GET	/views/404	undefined
20240421	05:59:28	55d49352-cc1b-48c2-a119-f9125a40e2e0	GET	/views/404	undefined
20240421	05:59:28	75f5a46b-1a6b-42c9-b19f-32106638d5ac	GET	/views/404	undefined
20240421	05:59:28	52aa314d-f197-43a2-8b25-03da7cfbcfcf	GET	/views/404	undefined
20240421	05:59:28	f824cce0-3afe-426e-820c-bd0d0cc22359	GET	/views/404	undefined
20240421	05:59:28	2c775666-099c-4985-9ac9-495ecf190c5c	GET	/views/404	undefined
20240421	05:59:28	1329c2d5-2188-4e80-a316-d4cf85e6d166	GET	/views/404	undefined
20240421	05:59:28	1f9f5cf4-8869-4415-a855-e8f8b436627a	GET	/views/404	undefined
20240421	05:59:28	a4bd2a15-eac8-4eeb-b83c-f95b672aa27d	GET	/views/404	undefined
20240421	05:59:28	cd891895-3a02-45cc-aabe-e5183450ab02	GET	/views/404	undefined
20240421	05:59:28	c405ed2d-4c8f-4c4b-8d82-675fdc600f50	GET	/views/404	undefined
20240421	05:59:28	4359eb59-a600-4744-801e-c662adabc8f6	GET	/views/404	undefined
20240421	05:59:28	6f065d74-41f1-4c11-a400-f8d4451d1a8d	GET	/views/404	undefined
20240421	05:59:28	196121aa-7593-4da1-bd11-d74272b4a5a2	GET	/views/404	undefined
20240421	05:59:28	3f6d7a39-1278-46d8-9383-05be6ca28555	GET	/views/404	undefined
20240421	05:59:28	2720cfcd-68f6-452a-b3ce-8c1e5eec63bd	GET	/views/404	undefined
20240421	05:59:28	4e7869b4-eb3c-4d5d-ab88-81480599ca0e	GET	/views/404	undefined
20240421	05:59:36	07b38572-11e2-4118-8415-3166fd1d635c	GET	/api/getCharity	undefined
20240421	06:00:05	2b23ab13-193d-4352-b05d-3eaa2e73f191	GET	/users	undefined
20240421	06:00:11	75c98bb6-18e1-4ab2-8f5d-c7848ec7096c	GET	/login	undefined
20240421	06:00:11	516e002a-07ef-40c6-8e72-78f5827b35f3	GET	/views/404	undefined
20240421	06:00:11	ccfd8f93-0583-4000-9b71-7ead0630a1e0	GET	/views/404	undefined
20240421	06:00:11	7013c5eb-f365-4342-ae3e-a8694d65c68c	GET	/views/404	undefined
20240421	06:00:11	92e66711-d288-4a86-a122-c8084e4de75e	GET	/views/404	undefined
20240421	06:00:11	d5a4abb1-eb36-4e5d-9634-dcb48e5901e6	GET	/views/404	undefined
20240421	06:00:11	5138baca-c7a3-4aec-a04e-9b7eb96f7500	GET	/views/404	undefined
20240421	06:00:11	523e7fc5-17c9-4559-a372-4ba971c3c7a9	GET	/views/404	undefined
20240421	06:00:11	a5833ab8-7a83-4c8c-8302-3c6bce600acf	GET	/views/404	undefined
20240421	06:00:11	c0b19f1a-aee7-4e6e-b0cd-a9927964c951	GET	/views/404	undefined
20240421	06:00:11	b18a674f-4f8a-4659-9998-ef139e476cf2	GET	/views/404	undefined
20240421	06:00:11	7d6c0270-ff4d-4e6c-9210-cdfa2d2d1d49	GET	/views/404	undefined
20240421	06:00:11	1c967a09-52cf-4061-bd4c-bc2256827cec	GET	/views/404	undefined
20240421	06:00:11	d549e894-f025-414a-8f52-3e66fa736e4d	GET	/views/404	undefined
20240421	06:00:11	2e982258-1d2f-4228-9957-4e45b7eb7b9a	GET	/views/404	undefined
20240421	06:00:11	ddfe6746-14f2-4174-8177-532e0574337d	GET	/views/404	undefined
20240421	06:00:11	a3c1486a-ba33-4fbb-9eb9-654a8c8e6863	GET	/views/404	undefined
20240421	06:00:11	a91f310f-980f-4347-b1a2-aab03e4a252f	GET	/views/404	undefined
20240421	06:00:11	0d7a1334-fafc-4526-8c7c-9d50fe2ce70f	GET	/views/404	undefined
20240421	06:00:11	d47c418f-97e9-4d9f-8f61-6437214c8351	GET	/views/404	undefined
20240421	06:00:12	b48c9f19-0bd5-4f2d-8264-186cb7904afa	GET	/views/404	undefined
20240421	06:00:12	827b4f44-6401-4ead-bf06-1948d85943e6	GET	/views/404	undefined
20240421	06:00:12	4056d0ca-14da-471c-86d3-717b56117b54	GET	/views/404	undefined
20240421	06:00:12	f4dba095-6768-4c09-ac46-24c03868987e	GET	/views/404	undefined
20240421	06:00:12	98bb38c3-a330-4042-bb9a-5a02b9713079	GET	/views/404	undefined
20240421	06:00:12	1411ab07-224e-4bb0-99ac-b51b06637b4a	GET	/views/404	undefined
20240421	06:00:12	64bf169f-fa3f-40f7-ac35-f289291e2e57	GET	/views/404	undefined
20240421	06:00:12	cf6abe42-2d7f-4484-8171-a35cb809236d	GET	/views/404	undefined
20240421	06:00:12	c6df806f-57ee-4a07-ac5f-b9d4c2ad5ecb	GET	/views/404	undefined
20240421	06:00:12	99ef6b8a-02c0-4fdd-897e-b9f36df7252c	GET	/views/404	undefined
20240421	06:00:12	ea59fb89-0b66-4567-9e2d-79ab678e3f3d	GET	/views/404	undefined
20240421	06:00:12	a1b6e387-451e-4aa1-b32e-03ca59da8499	GET	/views/404	undefined
20240421	06:00:12	8c0e870f-3c21-4c32-bc64-eb990aad9c07	GET	/views/404	undefined
20240421	06:00:12	aea5662f-2fb0-440d-b583-47ea2a2e31f8	GET	/views/404	undefined
20240421	06:00:12	c9be7168-57f7-4e92-9938-36af7f8d71c6	GET	/views/404	undefined
20240421	06:00:12	df0181f1-e65f-4be8-b701-2094bdee557f	GET	/views/404	undefined
20240421	06:00:12	55fee137-6481-4fd5-be12-6f81199b387a	GET	/views/404	undefined
20240421	06:00:12	6e363a6f-e991-4d8a-9392-7c434ade1817	GET	/views/404	undefined
20240421	06:00:12	958cee4e-c898-47b0-9226-dcb6ed6785f4	GET	/views/404	undefined
20240421	06:00:12	b87fcb60-65ea-4852-8991-f648c988e3a3	GET	/views/404	undefined
20240421	06:00:17	7b847386-2941-4e64-9bba-ccdcdaf9bbbd	GET	/views/404	undefined
20240421	06:00:17	848fdee2-e5b5-4d8c-83e2-4be567eba9f4	GET	/views/404	undefined
20240421	06:00:17	1760d356-efa7-4f97-bc58-a0dd2952eb5d	GET	/views/404	undefined
20240421	06:00:17	f8099ef5-5dbb-45b1-82cb-7a460cc2a4d7	GET	/views/404	undefined
20240421	06:00:17	46112549-1855-480f-8032-5e0e68fca1af	GET	/views/404	undefined
20240421	06:00:17	396840c6-3624-4f4e-90a5-5f46c53a9e01	GET	/views/404	undefined
20240421	06:00:17	99f05078-2701-48e2-9eb7-c56517648947	GET	/views/404	undefined
20240421	06:00:17	2cb89d5a-0749-44ed-ab23-0e2300dde76b	GET	/views/404	undefined
20240421	06:00:17	5a899ab7-a5ea-4d0f-8653-1a83f7b00581	GET	/views/404	undefined
20240421	06:00:17	b8b8552b-7f11-4cd0-b049-0d70ab967fd2	GET	/views/404	undefined
20240421	06:00:17	214d93c2-c1c3-4827-aa19-2b0fefa1edb0	GET	/views/404	undefined
20240421	06:00:17	44fa108b-78c4-41f9-9c19-9ebda3a1b0a2	GET	/views/404	undefined
20240421	06:00:17	d11b4c92-eb8b-456f-894b-c66498045f19	GET	/views/404	undefined
20240421	06:00:17	0bba08d7-d169-47ca-a648-57416533180a	GET	/views/404	undefined
20240421	06:00:17	1978ed90-21b4-49b0-8150-79d016592002	GET	/views/404	undefined
20240421	06:00:17	2afe2a27-04b6-48ec-ad23-19fe3c178819	GET	/views/404	undefined
20240421	06:00:17	4ef46275-7baa-4464-b88b-93bbf7a9a5aa	GET	/views/404	undefined
20240421	06:00:17	37510f1b-3a88-4d94-8603-f3fdf60a36a4	GET	/views/404	undefined
20240421	06:00:17	50e8660d-dc54-4644-b184-50f3788de0b4	GET	/views/404	undefined
20240421	06:00:17	936e7417-fa1c-440f-ae10-8424a1d101c9	GET	/views/404	undefined
